<?xml version="1.0" encoding="UTF-8"?>
<testsuite xmlns:xsi="http://www.w3.org/2001/XMLSchema-instance" xsi:noNamespaceSchemaLocation="https://maven.apache.org/surefire/maven-surefire-plugin/xsd/surefire-test-report.xsd" name="thkoeln.st.basics.exercise.E01Variables.AddStringsTest" time="0.001" tests="1" errors="1" skipped="0" failures="0">
  <properties>
[...]
</properties>
  <testcase name="addStringsTest" classname="thkoeln.st.basics.exercise.E01Variables.AddStringsTest" time="0.001">
    <error message="&lt;b&gt;TEST HTML-INJECTIONS&lt;/b&gt;&lt;script&gt;alert(&quot;Hat geklappt!&quot;);&lt;/script&gt;" type="java.lang.RuntimeException"><![CDATA[java.lang.RuntimeException: <b>TEST HTML-INJECTIONS</b><script>alert("Hat geklappt!");</script>
	at thkoeln.st.basics.exercise.E01Variables.AddStringsTest.addStringsTest(AddStringsTest.java:10)
]]></error>
  </testcase>
</testsuite>