<?xml version="1.0" encoding="UTF-8"?>
<testsuite xmlns:xsi="http://www.w3.org/2001/XMLSchema-instance" xsi:noNamespaceSchemaLocation="https://maven.apache.org/surefire/maven-surefire-plugin/xsd/surefire-test-report.xsd" name="thkoeln.st.basics.exercise.E01Variables.AddStringsTest" time="0.001" tests="1" errors="1" skipped="0" failures="0">
  <properties>
    <property name="java.specification.version" value="18"/>
    <property name="sun.jnu.encoding" value="UTF-8"/>
    <property name="java.class.path" value="/builds/students/st1/ws22/m0/tests/ST1M0_tests_group_21a682c4-4a99-48ca-b533-c973b87643ae/target/test-classes:/builds/students/st1/ws22/m0/tests/ST1M0_tests_group_21a682c4-4a99-48ca-b533-c973b87643ae/target/classes:/root/.m2/repository/junit/junit/4.11/junit-4.11.jar:/root/.m2/repository/org/hamcrest/hamcrest-core/1.3/hamcrest-core-1.3.jar:"/>
    <property name="java.vm.vendor" value="Oracle Corporation"/>
    <property name="sun.arch.data.model" value="64"/>
    <property name="java.vendor.url" value="https://java.oracle.com/"/>
    <property name="os.name" value="Linux"/>
    <property name="java.vm.specification.version" value="18"/>
    <property name="sun.java.launcher" value="SUN_STANDARD"/>
    <property name="sun.boot.library.path" value="/usr/java/openjdk-18/lib"/>
    <property name="sun.java.command" value="/builds/students/st1/ws22/m0/tests/ST1M0_tests_group_21a682c4-4a99-48ca-b533-c973b87643ae/target/surefire/surefirebooter15441651676023937136.jar /builds/students/st1/ws22/m0/tests/ST1M0_tests_group_21a682c4-4a99-48ca-b533-c973b87643ae/target/surefire 2023-02-03T17-00-50_777-jvmRun1 surefire14723105559244645226tmp surefire_017546470796202118670tmp"/>
    <property name="jdk.debug" value="release"/>
    <property name="surefire.test.class.path" value="/builds/students/st1/ws22/m0/tests/ST1M0_tests_group_21a682c4-4a99-48ca-b533-c973b87643ae/target/test-classes:/builds/students/st1/ws22/m0/tests/ST1M0_tests_group_21a682c4-4a99-48ca-b533-c973b87643ae/target/classes:/root/.m2/repository/junit/junit/4.11/junit-4.11.jar:/root/.m2/repository/org/hamcrest/hamcrest-core/1.3/hamcrest-core-1.3.jar:"/>
    <property name="sun.cpu.endian" value="little"/>
    <property name="user.home" value="/root"/>
    <property name="user.language" value="en"/>
    <property name="java.specification.vendor" value="Oracle Corporation"/>
    <property name="java.version.date" value="2022-08-18"/>
    <property name="java.home" value="/usr/java/openjdk-18"/>
    <property name="file.separator" value="/"/>
    <property name="basedir" value="/builds/students/st1/ws22/m0/tests/ST1M0_tests_group_21a682c4-4a99-48ca-b533-c973b87643ae"/>
    <property name="java.vm.compressedOopsMode" value="Zero based"/>
    <property name="line.separator" value="&#10;"/>
    <property name="java.vm.specification.vendor" value="Oracle Corporation"/>
    <property name="java.specification.name" value="Java Platform API Specification"/>
    <property name="surefire.real.class.path" value="/builds/students/st1/ws22/m0/tests/ST1M0_tests_group_21a682c4-4a99-48ca-b533-c973b87643ae/target/surefire/surefirebooter15441651676023937136.jar"/>
    <property name="sun.management.compiler" value="HotSpot 64-Bit Tiered Compilers"/>
    <property name="java.runtime.version" value="18.0.2.1+1-1"/>
    <property name="user.name" value="root"/>
    <property name="path.separator" value=":"/>
    <property name="os.version" value="5.4.0-137-generic"/>
    <property name="java.runtime.name" value="OpenJDK Runtime Environment"/>
    <property name="file.encoding" value="UTF-8"/>
    <property name="java.vm.name" value="OpenJDK 64-Bit Server VM"/>
    <property name="localRepository" value="/root/.m2/repository"/>
    <property name="java.vendor.url.bug" value="https://bugreport.java.com/bugreport/"/>
    <property name="java.io.tmpdir" value="/tmp"/>
    <property name="java.version" value="18.0.2.1"/>
    <property name="user.dir" value="/builds/students/st1/ws22/m0/tests/ST1M0_tests_group_21a682c4-4a99-48ca-b533-c973b87643ae"/>
    <property name="os.arch" value="amd64"/>
    <property name="java.vm.specification.name" value="Java Virtual Machine Specification"/>
    <property name="native.encoding" value="UTF-8"/>
    <property name="java.library.path" value="/usr/java/packages/lib:/usr/lib64:/lib64:/lib:/usr/lib"/>
    <property name="java.vm.info" value="mixed mode, sharing"/>
    <property name="java.vendor" value="Oracle Corporation"/>
    <property name="java.vm.version" value="18.0.2.1+1-1"/>
    <property name="sun.io.unicode.encoding" value="UnicodeLittle"/>
    <property name="java.class.version" value="62.0"/>
  </properties>
  <testcase name="addStringsTest" classname="thkoeln.st.basics.exercise.E01Variables.AddStringsTest" time="0.001">
    <error message="&lt;b&gt;TEST HTML-INJECTIONS&lt;/b&gt;&lt;script&gt;alert(&quot;Hat geklappt!&quot;);&lt;/script&gt;" type="java.lang.RuntimeException"><![CDATA[java.lang.RuntimeException: <b>TEST HTML-INJECTIONS</b><script>alert("Hat geklappt!");</script>
	at thkoeln.st.basics.exercise.E01Variables.AddStringsTest.addStringsTest(AddStringsTest.java:10)
]]></error>
  </testcase>
</testsuite>